<?xml version="1.0" encoding="UTF-8"?>
<testng-results ignored="0" total="3" passed="3" failed="0" skipped="0">
  <reporter-output>
  </reporter-output>
  <suite started-at="2023-08-18T15:46:30 IST" name="Suite" finished-at="2023-08-18T15:46:40 IST" duration-ms="9737">
    <groups>
    </groups>
    <test started-at="2023-08-18T15:46:30 IST" name="Test" finished-at="2023-08-18T15:46:40 IST" duration-ms="9737">
      <class name="com.testng.CrossBrowserTest">
        <test-method signature="firefox()[pri:0, instance:com.testng.CrossBrowserTest@69e153c5]" started-at="2023-08-18T15:46:30 IST" name="firefox" finished-at="2023-08-18T15:46:40 IST" duration-ms="9648" status="PASS">
          <reporter-output>
          </reporter-output>
        </test-method> <!-- firefox -->
        <test-method signature="Chrome()[pri:0, instance:com.testng.CrossBrowserTest@69e153c5]" started-at="2023-08-18T15:46:30 IST" name="Chrome" finished-at="2023-08-18T15:46:40 IST" duration-ms="9099" status="PASS">
          <reporter-output>
          </reporter-output>
        </test-method> <!-- Chrome -->
        <test-method signature="edge()[pri:0, instance:com.testng.CrossBrowserTest@69e153c5]" started-at="2023-08-18T15:46:30 IST" name="edge" finished-at="2023-08-18T15:46:40 IST" duration-ms="9197" status="PASS">
          <reporter-output>
          </reporter-output>
        </test-method> <!-- edge -->
      </class> <!-- com.testng.CrossBrowserTest -->
    </test> <!-- Test -->
  </suite> <!-- Suite -->
</testng-results>
